-rwxr-xr-x 1 hassanfa snic2017-7-7 392M Feb 10 14:25 /crex1/proj/snic2017-7-7/INBOX/IO/seqs/RNA//AE1_ACAGTG_L008_R1_001/AE1_ACAGTG_L008_R1_001.fastq.gz
-rwxr-xr-x 1 hassanfa snic2017-7-7 339M Feb 10 14:25 /crex1/proj/snic2017-7-7/INBOX/IO/seqs/RNA//AE1_ACTGAT_L008_R1_001/AE1_ACTGAT_L008_R1_001.fastq.gz
-rwxr-xr-x 1 hassanfa snic2017-7-7 400M Feb 10 14:25 /crex1/proj/snic2017-7-7/INBOX/IO/seqs/RNA//AE1_ACTTGA_L008_R1_001/AE1_ACTTGA_L008_R1_001.fastq.gz
-rwxr-xr-x 1 hassanfa snic2017-7-7 410M Feb 10 14:25 /crex1/proj/snic2017-7-7/INBOX/IO/seqs/RNA//AE1_AGTCAA_L008_R1_001/AE1_AGTCAA_L008_R1_001.fastq.gz
-rwxr-xr-x 1 hassanfa snic2017-7-7 375M Feb 10 14:25 /crex1/proj/snic2017-7-7/INBOX/IO/seqs/RNA//AE1_AGTTCC_L008_R1_001/AE1_AGTTCC_L008_R1_001.fastq.gz
-rwxr-xr-x 1 hassanfa snic2017-7-7 477M Apr  6 09:53 /crex1/proj/snic2017-7-7/INBOX/IO/seqs/RNA//AE1_ATCACG_L008_R1_001/AE1_ATCACG_L008_R1_001.fastq.gz
-rwxr-xr-x 1 hassanfa snic2017-7-7 389M Feb 10 14:25 /crex1/proj/snic2017-7-7/INBOX/IO/seqs/RNA//AE1_ATGTCA_L008_R1_001/AE1_ATGTCA_L008_R1_001.fastq.gz
-rwxr-xr-x 1 hassanfa snic2017-7-7 404M Feb 10 14:25 /crex1/proj/snic2017-7-7/INBOX/IO/seqs/RNA//AE1_ATTCCT_L008_R1_001/AE1_ATTCCT_L008_R1_001.fastq.gz
-rwxr-xr-x 1 hassanfa snic2017-7-7 435M Apr  6 09:53 /crex1/proj/snic2017-7-7/INBOX/IO/seqs/RNA//AE1_CAGATC_L008_R1_001/AE1_CAGATC_L008_R1_001.fastq.gz
-rwxr-xr-x 1 hassanfa snic2017-7-7 287M Feb 10 14:25 /crex1/proj/snic2017-7-7/INBOX/IO/seqs/RNA//AE1_CCGTCC_L008_R1_001/AE1_CCGTCC_L008_R1_001.fastq.gz
-rwxr-xr-x 1 hassanfa snic2017-7-7 411M Feb 10 14:25 /crex1/proj/snic2017-7-7/INBOX/IO/seqs/RNA//AE1_CGATGT_L008_R1_001/AE1_CGATGT_L008_R1_001.fastq.gz
-rwxr-xr-x 1 hassanfa snic2017-7-7 322M Feb 10 14:25 /crex1/proj/snic2017-7-7/INBOX/IO/seqs/RNA//AE1_CGTACG_L008_R1_001/AE1_CGTACG_L008_R1_001.fastq.gz
-rwxr-xr-x 1 hassanfa snic2017-7-7 408M Apr  6 09:53 /crex1/proj/snic2017-7-7/INBOX/IO/seqs/RNA//AE1_CTTGTA_L008_R1_001/AE1_CTTGTA_L008_R1_001.fastq.gz
-rwxr-xr-x 1 hassanfa snic2017-7-7 368M Feb 10 14:25 /crex1/proj/snic2017-7-7/INBOX/IO/seqs/RNA//AE1_GAGTGG_L008_R1_001/AE1_GAGTGG_L008_R1_001.fastq.gz
-rwxr-xr-x 1 hassanfa snic2017-7-7 387M Apr  6 09:53 /crex1/proj/snic2017-7-7/INBOX/IO/seqs/RNA//AE1_GATCAG_L008_R1_001/AE1_GATCAG_L008_R1_001.fastq.gz
-rwxr-xr-x 1 hassanfa snic2017-7-7 466M Apr  6 09:53 /crex1/proj/snic2017-7-7/INBOX/IO/seqs/RNA//AE1_GCCAAT_L008_R1_001/AE1_GCCAAT_L008_R1_001.fastq.gz
-rwxr-xr-x 1 hassanfa snic2017-7-7 452M Apr  6 09:53 /crex1/proj/snic2017-7-7/INBOX/IO/seqs/RNA//AE1_GGCTAC_L008_R1_001/AE1_GGCTAC_L008_R1_001.fastq.gz
-rwxr-xr-x 1 hassanfa snic2017-7-7 386M Apr  6 09:53 /crex1/proj/snic2017-7-7/INBOX/IO/seqs/RNA//AE1_GTCCGC_L008_R1_001/AE1_GTCCGC_L008_R1_001.fastq.gz
-rwxr-xr-x 1 hassanfa snic2017-7-7 369M Feb 10 14:25 /crex1/proj/snic2017-7-7/INBOX/IO/seqs/RNA//AE1_GTGAAA_L008_R1_001/AE1_GTGAAA_L008_R1_001.fastq.gz
-rwxr-xr-x 1 hassanfa snic2017-7-7 387M Apr  6 09:53 /crex1/proj/snic2017-7-7/INBOX/IO/seqs/RNA//AE1_GTGGCC_L008_R1_001/AE1_GTGGCC_L008_R1_001.fastq.gz
-rwxr-xr-x 1 hassanfa snic2017-7-7 398M Apr  6 09:53 /crex1/proj/snic2017-7-7/INBOX/IO/seqs/RNA//AE1_GTTTCG_L008_R1_001/AE1_GTTTCG_L008_R1_001.fastq.gz
-rwxr-xr-x 1 hassanfa snic2017-7-7 457M Apr  6 09:53 /crex1/proj/snic2017-7-7/INBOX/IO/seqs/RNA//AE1_TAGCTT_L008_R1_001/AE1_TAGCTT_L008_R1_001.fastq.gz
-rwxr-xr-x 1 hassanfa snic2017-7-7 462M Apr  6 09:53 /crex1/proj/snic2017-7-7/INBOX/IO/seqs/RNA//AE1_TGACCA_L008_R1_001/AE1_TGACCA_L008_R1_001.fastq.gz
-rwxr-xr-x 1 hassanfa snic2017-7-7 457M Apr  6 09:53 /crex1/proj/snic2017-7-7/INBOX/IO/seqs/RNA//AE1_TTAGGC_L008_R1_001/AE1_TTAGGC_L008_R1_001.fastq.gz
