/crex1/proj/snic2017-7-7/INBOX/IO/seqs/sRNA/AE2_ACAGTG_L001_R1_001.fastq.gz
/crex1/proj/snic2017-7-7/INBOX/IO/seqs/sRNA/AE2_ACAGTG_L001_R1_001.ca.log
/crex1/proj/snic2017-7-7/INBOX/IO/seqs/sRNA/AE2_ACAGTG_L001_R1_001.ca.long.fastq.gz
/crex1/proj/snic2017-7-7/INBOX/IO/seqs/sRNA/AE2_ACAGTG_L001_R1_001.ca.short.fastq.gz
/crex1/proj/snic2017-7-7/INBOX/IO/seqs/sRNA/AE2_ACAGTG_L001_R1_001.ca.fastq.gz
/crex1/proj/snic2017-7-7/INBOX/IO/seqs/sRNA/AE2_ACTTGA_L001_R1_001.fastq.gz
/crex1/proj/snic2017-7-7/INBOX/IO/seqs/sRNA/AE2_ACTTGA_L001_R1_001.ca.log
/crex1/proj/snic2017-7-7/INBOX/IO/seqs/sRNA/AE2_ACTTGA_L001_R1_001.ca.long.fastq.gz
/crex1/proj/snic2017-7-7/INBOX/IO/seqs/sRNA/AE2_ACTTGA_L001_R1_001.ca.short.fastq.gz
/crex1/proj/snic2017-7-7/INBOX/IO/seqs/sRNA/AE2_ACTTGA_L001_R1_001.ca.fastq.gz
/crex1/proj/snic2017-7-7/INBOX/IO/seqs/sRNA/AE2_AGTCAA_L001_R1_001.fastq.gz
/crex1/proj/snic2017-7-7/INBOX/IO/seqs/sRNA/AE2_AGTCAA_L001_R1_001.ca.log
/crex1/proj/snic2017-7-7/INBOX/IO/seqs/sRNA/AE2_AGTCAA_L001_R1_001.ca.long.fastq.gz
/crex1/proj/snic2017-7-7/INBOX/IO/seqs/sRNA/AE2_AGTCAA_L001_R1_001.ca.short.fastq.gz
/crex1/proj/snic2017-7-7/INBOX/IO/seqs/sRNA/AE2_AGTCAA_L001_R1_001.ca.fastq.gz
/crex1/proj/snic2017-7-7/INBOX/IO/seqs/sRNA/AE2_AGTTCC_L001_R1_001.fastq.gz
/crex1/proj/snic2017-7-7/INBOX/IO/seqs/sRNA/AE2_AGTTCC_L001_R1_001.ca.log
/crex1/proj/snic2017-7-7/INBOX/IO/seqs/sRNA/AE2_AGTTCC_L001_R1_001.ca.long.fastq.gz
/crex1/proj/snic2017-7-7/INBOX/IO/seqs/sRNA/AE2_AGTTCC_L001_R1_001.ca.short.fastq.gz
/crex1/proj/snic2017-7-7/INBOX/IO/seqs/sRNA/AE2_AGTTCC_L001_R1_001.ca.fastq.gz
/crex1/proj/snic2017-7-7/INBOX/IO/seqs/sRNA/AE2_ATCACG_L001_R1_001.fastq.gz
/crex1/proj/snic2017-7-7/INBOX/IO/seqs/sRNA/AE2_ATCACG_L001_R1_001.ca.log
/crex1/proj/snic2017-7-7/INBOX/IO/seqs/sRNA/AE2_ATCACG_L001_R1_001.ca.long.fastq.gz
/crex1/proj/snic2017-7-7/INBOX/IO/seqs/sRNA/AE2_ATCACG_L001_R1_001.ca.short.fastq.gz
/crex1/proj/snic2017-7-7/INBOX/IO/seqs/sRNA/AE2_ATCACG_L001_R1_001.ca.fastq.gz
/crex1/proj/snic2017-7-7/INBOX/IO/seqs/sRNA/AE2_ATGTCA_L001_R1_001.fastq.gz
/crex1/proj/snic2017-7-7/INBOX/IO/seqs/sRNA/AE2_ATGTCA_L001_R1_001.ca.log
/crex1/proj/snic2017-7-7/INBOX/IO/seqs/sRNA/AE2_ATGTCA_L001_R1_001.ca.long.fastq.gz
/crex1/proj/snic2017-7-7/INBOX/IO/seqs/sRNA/AE2_ATGTCA_L001_R1_001.ca.short.fastq.gz
/crex1/proj/snic2017-7-7/INBOX/IO/seqs/sRNA/AE2_ATGTCA_L001_R1_001.ca.fastq.gz
/crex1/proj/snic2017-7-7/INBOX/IO/seqs/sRNA/AE2_CAGATC_L001_R1_001.fastq.gz
/crex1/proj/snic2017-7-7/INBOX/IO/seqs/sRNA/AE2_CAGATC_L001_R1_001.ca.log
/crex1/proj/snic2017-7-7/INBOX/IO/seqs/sRNA/AE2_CAGATC_L001_R1_001.ca.long.fastq.gz
/crex1/proj/snic2017-7-7/INBOX/IO/seqs/sRNA/AE2_CAGATC_L001_R1_001.ca.short.fastq.gz
/crex1/proj/snic2017-7-7/INBOX/IO/seqs/sRNA/AE2_CAGATC_L001_R1_001.ca.fastq.gz
/crex1/proj/snic2017-7-7/INBOX/IO/seqs/sRNA/AE2_CCGTCC_L001_R1_001.fastq.gz
/crex1/proj/snic2017-7-7/INBOX/IO/seqs/sRNA/AE2_CCGTCC_L001_R1_001.ca.log
/crex1/proj/snic2017-7-7/INBOX/IO/seqs/sRNA/AE2_CCGTCC_L001_R1_001.ca.long.fastq.gz
/crex1/proj/snic2017-7-7/INBOX/IO/seqs/sRNA/AE2_CCGTCC_L001_R1_001.ca.short.fastq.gz
/crex1/proj/snic2017-7-7/INBOX/IO/seqs/sRNA/AE2_CCGTCC_L001_R1_001.ca.fastq.gz
/crex1/proj/snic2017-7-7/INBOX/IO/seqs/sRNA/AE2_CGATGT_L001_R1_001.fastq.gz
/crex1/proj/snic2017-7-7/INBOX/IO/seqs/sRNA/AE2_CGATGT_L001_R1_001.ca.log
/crex1/proj/snic2017-7-7/INBOX/IO/seqs/sRNA/AE2_CGATGT_L001_R1_001.ca.long.fastq.gz
/crex1/proj/snic2017-7-7/INBOX/IO/seqs/sRNA/AE2_CGATGT_L001_R1_001.ca.short.fastq.gz
/crex1/proj/snic2017-7-7/INBOX/IO/seqs/sRNA/AE2_CGATGT_L001_R1_001.ca.fastq.gz
/crex1/proj/snic2017-7-7/INBOX/IO/seqs/sRNA/AE2_CTTGTA_L001_R1_001.fastq.gz
/crex1/proj/snic2017-7-7/INBOX/IO/seqs/sRNA/AE2_CTTGTA_L001_R1_001.ca.log
/crex1/proj/snic2017-7-7/INBOX/IO/seqs/sRNA/AE2_CTTGTA_L001_R1_001.ca.long.fastq.gz
/crex1/proj/snic2017-7-7/INBOX/IO/seqs/sRNA/AE2_CTTGTA_L001_R1_001.ca.short.fastq.gz
/crex1/proj/snic2017-7-7/INBOX/IO/seqs/sRNA/AE2_CTTGTA_L001_R1_001.ca.fastq.gz
/crex1/proj/snic2017-7-7/INBOX/IO/seqs/sRNA/AE2_GATCAG_L001_R1_001.fastq.gz
/crex1/proj/snic2017-7-7/INBOX/IO/seqs/sRNA/AE2_GATCAG_L001_R1_001.ca.log
/crex1/proj/snic2017-7-7/INBOX/IO/seqs/sRNA/AE2_GATCAG_L001_R1_001.ca.long.fastq.gz
/crex1/proj/snic2017-7-7/INBOX/IO/seqs/sRNA/AE2_GATCAG_L001_R1_001.ca.short.fastq.gz
/crex1/proj/snic2017-7-7/INBOX/IO/seqs/sRNA/AE2_GATCAG_L001_R1_001.ca.fastq.gz
/crex1/proj/snic2017-7-7/INBOX/IO/seqs/sRNA/AE2_GCCAAT_L001_R1_001.fastq.gz
/crex1/proj/snic2017-7-7/INBOX/IO/seqs/sRNA/AE2_GCCAAT_L001_R1_001.ca.log
/crex1/proj/snic2017-7-7/INBOX/IO/seqs/sRNA/AE2_GCCAAT_L001_R1_001.ca.long.fastq.gz
/crex1/proj/snic2017-7-7/INBOX/IO/seqs/sRNA/AE2_GCCAAT_L001_R1_001.ca.short.fastq.gz
/crex1/proj/snic2017-7-7/INBOX/IO/seqs/sRNA/AE2_GCCAAT_L001_R1_001.ca.fastq.gz
/crex1/proj/snic2017-7-7/INBOX/IO/seqs/sRNA/AE2_GGCTAC_L001_R1_001.fastq.gz
/crex1/proj/snic2017-7-7/INBOX/IO/seqs/sRNA/AE2_GGCTAC_L001_R1_001.ca.log
/crex1/proj/snic2017-7-7/INBOX/IO/seqs/sRNA/AE2_GGCTAC_L001_R1_001.ca.long.fastq.gz
/crex1/proj/snic2017-7-7/INBOX/IO/seqs/sRNA/AE2_GGCTAC_L001_R1_001.ca.short.fastq.gz
/crex1/proj/snic2017-7-7/INBOX/IO/seqs/sRNA/AE2_GGCTAC_L001_R1_001.ca.fastq.gz
/crex1/proj/snic2017-7-7/INBOX/IO/seqs/sRNA/AE2_TAGCTT_L001_R1_001.fastq.gz
/crex1/proj/snic2017-7-7/INBOX/IO/seqs/sRNA/AE2_TAGCTT_L001_R1_001.ca.log
/crex1/proj/snic2017-7-7/INBOX/IO/seqs/sRNA/AE2_TAGCTT_L001_R1_001.ca.long.fastq.gz
/crex1/proj/snic2017-7-7/INBOX/IO/seqs/sRNA/AE2_TAGCTT_L001_R1_001.ca.short.fastq.gz
/crex1/proj/snic2017-7-7/INBOX/IO/seqs/sRNA/AE2_TAGCTT_L001_R1_001.ca.fastq.gz
/crex1/proj/snic2017-7-7/INBOX/IO/seqs/sRNA/AE2_TGACCA_L001_R1_001.fastq.gz
/crex1/proj/snic2017-7-7/INBOX/IO/seqs/sRNA/AE2_TGACCA_L001_R1_001.ca.log
/crex1/proj/snic2017-7-7/INBOX/IO/seqs/sRNA/AE2_TGACCA_L001_R1_001.ca.long.fastq.gz
/crex1/proj/snic2017-7-7/INBOX/IO/seqs/sRNA/AE2_TGACCA_L001_R1_001.ca.short.fastq.gz
/crex1/proj/snic2017-7-7/INBOX/IO/seqs/sRNA/AE2_TGACCA_L001_R1_001.ca.fastq.gz
/crex1/proj/snic2017-7-7/INBOX/IO/seqs/sRNA/AE2_TTAGGC_L001_R1_001.fastq.gz
/crex1/proj/snic2017-7-7/INBOX/IO/seqs/sRNA/AE2_TTAGGC_L001_R1_001.ca.log
/crex1/proj/snic2017-7-7/INBOX/IO/seqs/sRNA/AE2_TTAGGC_L001_R1_001.ca.long.fastq.gz
/crex1/proj/snic2017-7-7/INBOX/IO/seqs/sRNA/AE2_TTAGGC_L001_R1_001.ca.short.fastq.gz
/crex1/proj/snic2017-7-7/INBOX/IO/seqs/sRNA/AE2_TTAGGC_L001_R1_001.ca.fastq.gz
